<?xml version="1.0" encoding="UTF-8"?>
<!-- Generated by org.testng.reporters.JUnitReportReporter -->
<testsuite hostname="GDLT297" failures="0" tests="1" name="cucumberOptions.TestNGRunner" time="0.146" errors="0" timestamp="2025-02-21T12:38:25 IST" skipped="0">
  <testcase classname="cucumberOptions.TestNGRunner" name="runScenario" time="0.146"/>
</testsuite> <!-- cucumberOptions.TestNGRunner -->
