<?xml version="1.0" encoding="UTF-8"?>
<!-- Generated by org.testng.reporters.JUnitReportReporter -->
<testsuite hostname="GDLT297" failures="0" tests="1" name="utilities.DriverSetup" time="10.202" errors="0" timestamp="2024-12-20T15:55:14 IST" skipped="0">
  <testcase classname="utilities.DriverSetup" name="initiateBrowser" time="10.202"/>
</testsuite> <!-- utilities.DriverSetup -->
